<?xml version="1.0" encoding="UTF-8"?>
<!-- Generated by org.testng.reporters.JUnitReportReporter -->
<testsuite skipped="0" hostname="DESKTOP-RQLNUST" name="test.Fibonacci" tests="1" failures="0" timestamp="20 Aug 2020 08:02:58 GMT" time="0.017" errors="0">
  <testcase name="CheckNumSeries" time="0.017" classname="test.Fibonacci"/>
</testsuite> <!-- test.Fibonacci -->
