<?xml version="1.0" encoding="UTF-8"?>
<!-- Generated by org.testng.reporters.JUnitReportReporter -->
<testsuite skipped="0" hostname="DESKTOP-RQLNUST" name="test.java.Fibonacci" tests="1" failures="0" timestamp="21 Aug 2020 11:45:48 GMT" time="0.000" errors="0">
  <testcase name="CheckNumSeries" time="0.000" classname="test.java.Fibonacci"/>
</testsuite> <!-- test.java.Fibonacci -->
