<?xml version="1.0" encoding="UTF-8"?>
<!-- Generated by org.testng.reporters.JUnitReportReporter -->
<testsuite skipped="0" hostname="DESKTOP-RQLNUST" name="test.helloworld" tests="4" failures="0" timestamp="20 Aug 2020 08:02:58 GMT" time="0.011" errors="0">
  <testcase name="text" time="0.003" classname="test.helloworld"/>
  <testcase name="sample" time="0.004" classname="test.helloworld"/>
  <testcase name="number" time="0.002" classname="test.helloworld"/>
  <testcase name="test" time="0.002" classname="test.helloworld"/>
</testsuite> <!-- test.helloworld -->
