<?xml version="1.0" encoding="UTF-8"?>
<!-- Generated by org.testng.reporters.JUnitReportReporter -->
<testsuite skipped="0" hostname="DESKTOP-RQLNUST" name="test.LeapYear" tests="1" failures="0" timestamp="20 Aug 2020 08:02:58 GMT" time="0.003" errors="0">
  <testcase name="TestYearPattern" time="0.003" classname="test.LeapYear"/>
</testsuite> <!-- test.LeapYear -->
